0 info it worked if it ends with ok
1 verbose cli [ '/usr/local/bin/node', '/usr/local/bin/npm', 'start' ]
2 info using npm@3.10.10
3 info using node@v6.11.5
4 verbose run-script [ 'prestart', 'start', 'poststart' ]
5 info lifecycle Linked-Modernisms@~prestart: Linked-Modernisms@
6 silly lifecycle Linked-Modernisms@~prestart: no script for prestart, continuing
7 info lifecycle Linked-Modernisms@~start: Linked-Modernisms@
8 verbose lifecycle Linked-Modernisms@~start: unsafe-perm in lifecycle true
9 verbose lifecycle Linked-Modernisms@~start: PATH: /usr/local/lib/node_modules/npm/bin/node-gyp-bin:/Users/dcmitchell/Desktop/Node/LMP/node_modules/.bin:/Library/Frameworks/Python.framework/Versions/3.5/bin:/bin:/sbin:/usr/bin:/usr/local/sbin:/usr/local/bin:/Users/dcmitchell/.rvm/gems/ruby-2.4.0/bin:/Users/dcmitchell/.rvm/gems/ruby-2.4.0@global/bin:/Users/dcmitchell/.rvm/rubies/ruby-2.4.0/bin:/usr/local/bin:/usr/bin:/bin:/usr/sbin:/sbin:/opt/X11/bin:/usr/local/smlnj/bin:/Users/dcmitchell/.rvm/bin
10 verbose lifecycle Linked-Modernisms@~start: CWD: /Users/dcmitchell/Desktop/Node/LMP
11 silly lifecycle Linked-Modernisms@~start: Args: [ '-c', 'node app' ]
12 silly lifecycle Linked-Modernisms@~start: Returned: code: 1  signal: null
13 info lifecycle Linked-Modernisms@~start: Failed to exec start script
14 verbose stack Error: Linked-Modernisms@ start: `node app`
14 verbose stack Exit status 1
14 verbose stack     at EventEmitter.<anonymous> (/usr/local/lib/node_modules/npm/lib/utils/lifecycle.js:255:16)
14 verbose stack     at emitTwo (events.js:106:13)
14 verbose stack     at EventEmitter.emit (events.js:191:7)
14 verbose stack     at ChildProcess.<anonymous> (/usr/local/lib/node_modules/npm/lib/utils/spawn.js:40:14)
14 verbose stack     at emitTwo (events.js:106:13)
14 verbose stack     at ChildProcess.emit (events.js:191:7)
14 verbose stack     at maybeClose (internal/child_process.js:920:16)
14 verbose stack     at Process.ChildProcess._handle.onexit (internal/child_process.js:230:5)
15 verbose pkgid Linked-Modernisms@
16 verbose cwd /Users/dcmitchell/Desktop/Node/LMP/public
17 error Darwin 16.7.0
18 error argv "/usr/local/bin/node" "/usr/local/bin/npm" "start"
19 error node v6.11.5
20 error npm  v3.10.10
21 error code ELIFECYCLE
22 error Linked-Modernisms@ start: `node app`
22 error Exit status 1
23 error Failed at the Linked-Modernisms@ start script 'node app'.
23 error Make sure you have the latest version of node.js and npm installed.
23 error If you do, this is most likely a problem with the Linked-Modernisms package,
23 error not with npm itself.
23 error Tell the author that this fails on your system:
23 error     node app
23 error You can get information on how to open an issue for this project with:
23 error     npm bugs Linked-Modernisms
23 error Or if that isn't available, you can get their info via:
23 error     npm owner ls Linked-Modernisms
23 error There is likely additional logging output above.
24 verbose exit [ 1, true ]
